Thu Dec 28 16:54:45 CST 2017  [debug] AvalonLogSystem initialized using logfile 'D:\git\JAVA\.metadata\.plugins\com.genuitec.eclipse.templates\velocity.log'
Thu Dec 28 16:54:45 CST 2017   [info] ************************************************************** 
Thu Dec 28 16:54:45 CST 2017   [info] Starting Jakarta Velocity v1.4
Thu Dec 28 16:54:45 CST 2017   [info] RuntimeInstance initializing.
Thu Dec 28 16:54:45 CST 2017   [info] Default Properties File: org\apache\velocity\runtime\defaults\velocity.properties
Thu Dec 28 16:54:45 CST 2017   [info] Trying to use logger class org.apache.velocity.runtime.log.AvalonLogSystem
Thu Dec 28 16:54:45 CST 2017   [info] Using logger class org.apache.velocity.runtime.log.AvalonLogSystem
Thu Dec 28 16:54:45 CST 2017   [info] Default ResourceManager initializing. (class org.apache.velocity.runtime.resource.ResourceManagerImpl)
Thu Dec 28 16:54:45 CST 2017   [info] Resource Loader Instantiated: com.genuitec.eclipse.templates.internal.PluginResourceLoader
Thu Dec 28 16:54:45 CST 2017   [info] ResourceCache : initialized. (class org.apache.velocity.runtime.resource.ResourceCacheImpl)
Thu Dec 28 16:54:45 CST 2017   [info] Default ResourceManager initialization complete.
Thu Dec 28 16:54:45 CST 2017   [info] Loaded System Directive: org.apache.velocity.runtime.directive.Literal
Thu Dec 28 16:54:45 CST 2017   [info] Loaded System Directive: org.apache.velocity.runtime.directive.Macro
Thu Dec 28 16:54:45 CST 2017   [info] Loaded System Directive: org.apache.velocity.runtime.directive.Parse
Thu Dec 28 16:54:45 CST 2017   [info] Loaded System Directive: org.apache.velocity.runtime.directive.Include
Thu Dec 28 16:54:45 CST 2017   [info] Loaded System Directive: org.apache.velocity.runtime.directive.Foreach
Thu Dec 28 16:54:45 CST 2017   [info] Created: 20 parsers.
Thu Dec 28 16:54:45 CST 2017   [info] Velocimacro : initialization starting.
Thu Dec 28 16:54:45 CST 2017   [info] Velocimacro : adding VMs from VM library template : VM_global_library.vm
Thu Dec 28 16:54:46 CST 2017   [info] ResourceManager : found VM_global_library.vm with loader com.genuitec.eclipse.templates.internal.PluginResourceLoader
Thu Dec 28 16:54:46 CST 2017   [info] Velocimacro :  VM library template macro registration complete.
Thu Dec 28 16:54:46 CST 2017   [info] Velocimacro : allowInline = true : VMs can be defined inline in templates
Thu Dec 28 16:54:46 CST 2017   [info] Velocimacro : allowInlineToOverride = true : VMs defined inline may replace previous VM definitions
Thu Dec 28 16:54:46 CST 2017   [info] Velocimacro : allowInlineLocal = true : VMs defined inline will be local to their defining template only.
Thu Dec 28 16:54:46 CST 2017   [info] Velocimacro : messages on  : VM system will output logging messages
Thu Dec 28 16:54:46 CST 2017   [info] Velocimacro : autoload off  : VM system will not automatically reload global library macros
Thu Dec 28 16:54:46 CST 2017   [info] Velocimacro : initialization complete.
Thu Dec 28 16:54:46 CST 2017   [info] Velocity successfully started.
Thu Dec 28 16:54:46 CST 2017   [info] ResourceManager : found templates/jsp/Jsp.vtl with loader com.genuitec.eclipse.templates.internal.PluginResourceLoader
Thu Dec 28 16:54:46 CST 2017   [info] ResourceManager : found templates/jsp/JSPMetaTags.vtl with loader com.genuitec.eclipse.templates.internal.PluginResourceLoader
Thu Dec 28 16:56:09 CST 2017   [info] ResourceManager : found templates/html/Html.vtl with loader com.genuitec.eclipse.templates.internal.PluginResourceLoader
Thu Dec 28 16:56:09 CST 2017   [info] ResourceManager : found templates/html/HTMLMetaTags.vtl with loader com.genuitec.eclipse.templates.internal.PluginResourceLoader
Thu Dec 28 19:19:32 CST 2017   [info] ResourceManager : found templates/jsp/Jsp.vtl with loader com.genuitec.eclipse.templates.internal.PluginResourceLoader
Thu Dec 28 19:19:32 CST 2017   [info] ResourceManager : found templates/jsp/JSPMetaTags.vtl with loader com.genuitec.eclipse.templates.internal.PluginResourceLoader
Thu Dec 28 19:32:23 CST 2017   [info] ResourceManager : found templates/jsp/Jsp.vtl with loader com.genuitec.eclipse.templates.internal.PluginResourceLoader
Thu Dec 28 19:32:23 CST 2017   [info] ResourceManager : found templates/jsp/JSPMetaTags.vtl with loader com.genuitec.eclipse.templates.internal.PluginResourceLoader
Thu Dec 28 19:35:08 CST 2017   [info] ResourceManager : found templates/html/Html.vtl with loader com.genuitec.eclipse.templates.internal.PluginResourceLoader
Thu Dec 28 19:35:08 CST 2017   [info] ResourceManager : found templates/html/HTMLMetaTags.vtl with loader com.genuitec.eclipse.templates.internal.PluginResourceLoader
Thu Dec 28 20:32:03 CST 2017   [info] ResourceManager : found templates/jsp/Jsp.vtl with loader com.genuitec.eclipse.templates.internal.PluginResourceLoader
Thu Dec 28 20:32:03 CST 2017   [info] ResourceManager : found templates/jsp/JSPMetaTags.vtl with loader com.genuitec.eclipse.templates.internal.PluginResourceLoader
Thu Dec 28 22:18:34 CST 2017   [info] ResourceManager : found templates/jsp/Jsp.vtl with loader com.genuitec.eclipse.templates.internal.PluginResourceLoader
Thu Dec 28 22:18:34 CST 2017   [info] ResourceManager : found templates/jsp/JSPMetaTags.vtl with loader com.genuitec.eclipse.templates.internal.PluginResourceLoader
